16:38:46 **** Build of configuration Debug for project Move Constructors ****
make all 
Building file: ../src/Move Constructors.cpp
Invoking: GCC C++ Compiler
g++ -O0 -g3 -Wall -c -fmessage-length=0 -std=gnu++11 -MMD -MP -MF"src/Move Constructors.d" -MT"src/Move\ Constructors.d" -o "src/Move Constructors.o" "../src/Move Constructors.cpp"
Finished building: ../src/Move Constructors.cpp
 
Building target: Move Constructors
Invoking: MacOS X C++ Linker
g++  -o "Move Constructors"  ./src/Move\ Constructors.o   
Finished building target: Move Constructors
 
16:43:11 **** Incremental Build of configuration Debug for project Move Constructors ****
make all 
Building file: ../src/Move Assignment Operators.cpp
Invoking: GCC C++ Compiler
g++ -O0 -g3 -Wall -c -fmessage-length=0 -std=gnu++11 -MMD -MP -MF"src/Move Assignment Operators.d" -MT"src/Move\ Assignment\ Operators.d" -o "src/Move Assignment Operators.o" "../src/Move Assignment Operators.cpp"
Finished building: ../src/Move Assignment Operators.cpp
 
Building target: Move Constructors
Invoking: MacOS X C++ Linker
g++  -o "Move Constructors"  ./src/Move\ Assignment\ Operators.o   
Finished building target: Move Constructors
 
16:44:19 **** Incremental Build of configuration Debug for project Move Constructors ****
make all 
Building file: ../src/Move Assignment Operators.cpp
Invoking: GCC C++ Compiler
g++ -O0 -g3 -Wall -c -fmessage-length=0 -std=gnu++11 -MMD -MP -MF"src/Move Assignment Operators.d" -MT"src/Move\ Assignment\ Operators.d" -o "src/Move Assignment Operators.o" "../src/Move Assignment Operators.cpp"
Finished building: ../src/Move Assignment Operators.cpp
 
Building target: Move Constructors
Invoking: MacOS X C++ Linker
g++  -o "Move Constructors"  ./src/Move\ Assignment\ Operators.o   
Finished building target: Move Constructors
 
16:44:52 **** Incremental Build of configuration Debug for project Move Constructors ****
make all 
make: Nothing to be done for `all'.
16:45:18 **** Incremental Build of configuration Debug for project Move Constructors ****
make all 
Building file: ../src/Move Assignment Operators.cpp
Invoking: GCC C++ Compiler
g++ -O0 -g3 -Wall -c -fmessage-length=0 -std=gnu++11 -MMD -MP -MF"src/Move Assignment Operators.d" -MT"src/Move\ Assignment\ Operators.d" -o "src/Move Assignment Operators.o" "../src/Move Assignment Operators.cpp"
Finished building: ../src/Move Assignment Operators.cpp
 
Building target: Move Constructors
Invoking: MacOS X C++ Linker
g++  -o "Move Constructors"  ./src/Move\ Assignment\ Operators.o   
Finished building target: Move Constructors
 
